<?xml version="1.0" encoding="UTF-8"?>
<!-- Generated by org.testng.reporters.JUnitReportReporter -->
<testsuite skipped="0" hostname="LP0948" name="org.br.curso.tests.DBTests" tests="3" failures="0" timestamp="10 jun 2019 17:31:17 GMT" time="5.694" errors="0">
  <testcase name="testInsercao" time="2.400" classname="org.br.curso.tests.DBTests"/>
  <testcase name="testAtualizacao" time="0.275" classname="org.br.curso.tests.DBTests"/>
  <testcase name="testExclusao" time="3.019" classname="org.br.curso.tests.DBTests"/>
</testsuite> <!-- org.br.curso.tests.DBTests -->
